<?xml version="1.0" encoding="UTF-8"?>
<testsuite xmlns:xsi="http://www.w3.org/2001/XMLSchema-instance" xsi:noNamespaceSchemaLocation="https://maven.apache.org/surefire/maven-surefire-plugin/xsd/surefire-test-report-3.0.xsd" version="3.0" name="calcinterest.CalcInterestTest" time="0.13" tests="72" errors="0" skipped="0" failures="0">
  <properties>
    <property name="java.specification.version" value="23"/>
    <property name="sun.cpu.isalist" value="amd64"/>
    <property name="sun.jnu.encoding" value="Cp1252"/>
    <property name="java.class.path" value="C:\Users\beggs\OneDrive\Desktop\CalcInterest\target\test-classes;C:\Users\beggs\OneDrive\Desktop\CalcInterest\target\classes;C:\Users\beggs\.m2\repository\junit\junit\4.13.2\junit-4.13.2.jar;C:\Users\beggs\.m2\repository\org\hamcrest\hamcrest-core\1.3\hamcrest-core-1.3.jar;"/>
    <property name="java.vm.vendor" value="Oracle Corporation"/>
    <property name="sun.arch.data.model" value="64"/>
    <property name="user.variant" value=""/>
    <property name="java.vendor.url" value="https://java.oracle.com/"/>
    <property name="user.timezone" value="Pacific/Fiji"/>
    <property name="user.country.format" value="FJ"/>
    <property name="os.name" value="Windows 11"/>
    <property name="java.vm.specification.version" value="23"/>
    <property name="user.country" value="US"/>
    <property name="sun.java.launcher" value="SUN_STANDARD"/>
    <property name="sun.boot.library.path" value="C:\Program Files\Java\jdk-23\bin"/>
    <property name="sun.java.command" value="C:\Users\beggs\AppData\Local\Temp\surefire16477211943670885398\surefirebooter-20240930133155200_3.jar C:\Users\beggs\AppData\Local\Temp\surefire16477211943670885398 2024-09-30T13-31-54_993-jvmRun1 surefire-20240930133155200_1tmp surefire_0-20240930133155200_2tmp"/>
    <property name="jdk.debug" value="release"/>
    <property name="test" value="calcinterest.CalcInterestTest"/>
    <property name="surefire.test.class.path" value="C:\Users\beggs\OneDrive\Desktop\CalcInterest\target\test-classes;C:\Users\beggs\OneDrive\Desktop\CalcInterest\target\classes;C:\Users\beggs\.m2\repository\junit\junit\4.13.2\junit-4.13.2.jar;C:\Users\beggs\.m2\repository\org\hamcrest\hamcrest-core\1.3\hamcrest-core-1.3.jar;"/>
    <property name="sun.cpu.endian" value="little"/>
    <property name="user.home" value="C:\Users\beggs"/>
    <property name="user.language" value="en"/>
    <property name="java.specification.vendor" value="Oracle Corporation"/>
    <property name="java.version.date" value="2024-09-17"/>
    <property name="java.home" value="C:\Program Files\Java\jdk-23"/>
    <property name="file.separator" value="\"/>
    <property name="basedir" value="C:\Users\beggs\OneDrive\Desktop\CalcInterest"/>
    <property name="java.vm.compressedOopsMode" value="Zero based"/>
    <property name="line.separator" value="&#10;"/>
    <property name="java.vm.specification.vendor" value="Oracle Corporation"/>
    <property name="java.specification.name" value="Java Platform API Specification"/>
    <property name="surefire.real.class.path" value="C:\Users\beggs\AppData\Local\Temp\surefire16477211943670885398\surefirebooter-20240930133155200_3.jar"/>
    <property name="user.script" value=""/>
    <property name="sun.management.compiler" value="HotSpot 64-Bit Tiered Compilers"/>
    <property name="java.runtime.version" value="23+37-2369"/>
    <property name="user.name" value="beggs"/>
    <property name="stdout.encoding" value="Cp1252"/>
    <property name="path.separator" value=";"/>
    <property name="os.version" value="10.0"/>
    <property name="java.runtime.name" value="Java(TM) SE Runtime Environment"/>
    <property name="file.encoding" value="UTF-8"/>
    <property name="java.vm.name" value="Java HotSpot(TM) 64-Bit Server VM"/>
    <property name="maven.ext.class.path" value="C:\Program Files\NetBeans-23\netbeans\java\maven-nblib\netbeans-eventspy.jar"/>
    <property name="localRepository" value="C:\Users\beggs\.m2\repository"/>
    <property name="java.vendor.url.bug" value="https://bugreport.java.com/bugreport/"/>
    <property name="java.io.tmpdir" value="C:\Users\beggs\AppData\Local\Temp\"/>
    <property name="java.version" value="23"/>
    <property name="user.dir" value="C:\Users\beggs\OneDrive\Desktop\CalcInterest"/>
    <property name="os.arch" value="amd64"/>
    <property name="java.vm.specification.name" value="Java Virtual Machine Specification"/>
    <property name="sun.os.patch.level" value=""/>
    <property name="native.encoding" value="Cp1252"/>
    <property name="java.library.path" value="C:\Program Files\Java\jdk-23\bin;C:\Windows\Sun\Java\bin;C:\Windows\system32;C:\Windows;C:\Program Files\Common Files\Oracle\Java\javapath;C:\Windows\system32;C:\Windows;C:\Windows\System32\Wbem;C:\Windows\System32\WindowsPowerShell\v1.0\;C:\Windows\System32\OpenSSH\;C:\Users\beggs\AppData\Local\Microsoft\WindowsApps;C:\Users\beggs\AppData\Local\Programs\Microsoft VS Code\bin;."/>
    <property name="java.vm.info" value="mixed mode, sharing"/>
    <property name="stderr.encoding" value="Cp1252"/>
    <property name="java.vendor" value="Oracle Corporation"/>
    <property name="java.vm.version" value="23+37-2369"/>
    <property name="sun.io.unicode.encoding" value="UnicodeLittle"/>
    <property name="java.class.version" value="67.0"/>
  </properties>
  <testcase name="testCase_10" classname="calcinterest.CalcInterestTest" time="0.006"/>
  <testcase name="testCase_11" classname="calcinterest.CalcInterestTest" time="0.0"/>
  <testcase name="testCase_12" classname="calcinterest.CalcInterestTest" time="0.0"/>
  <testcase name="testCase_13" classname="calcinterest.CalcInterestTest" time="0.0"/>
  <testcase name="testCase_14" classname="calcinterest.CalcInterestTest" time="0.0"/>
  <testcase name="testCase_15" classname="calcinterest.CalcInterestTest" time="0.0"/>
  <testcase name="testCase_16" classname="calcinterest.CalcInterestTest" time="0.0"/>
  <testcase name="testCase_21" classname="calcinterest.CalcInterestTest" time="0.0"/>
  <testcase name="testCase_22" classname="calcinterest.CalcInterestTest" time="0.0"/>
  <testcase name="testCase_23" classname="calcinterest.CalcInterestTest" time="0.0"/>
  <testcase name="testCase_24" classname="calcinterest.CalcInterestTest" time="0.0"/>
  <testcase name="testCase_25" classname="calcinterest.CalcInterestTest" time="0.0"/>
  <testcase name="testCase_26" classname="calcinterest.CalcInterestTest" time="0.0"/>
  <testcase name="testCase_27" classname="calcinterest.CalcInterestTest" time="0.0"/>
  <testcase name="testCase_28" classname="calcinterest.CalcInterestTest" time="0.0"/>
  <testcase name="testCase_29" classname="calcinterest.CalcInterestTest" time="0.0"/>
  <testcase name="testCase_30" classname="calcinterest.CalcInterestTest" time="0.0"/>
  <testcase name="testCase_31" classname="calcinterest.CalcInterestTest" time="0.0"/>
  <testcase name="testCase_32" classname="calcinterest.CalcInterestTest" time="0.0"/>
  <testcase name="testCase_33" classname="calcinterest.CalcInterestTest" time="0.0"/>
  <testcase name="testCase_34" classname="calcinterest.CalcInterestTest" time="0.0"/>
  <testcase name="testCase_35" classname="calcinterest.CalcInterestTest" time="0.0"/>
  <testcase name="testCase_36" classname="calcinterest.CalcInterestTest" time="0.0"/>
  <testcase name="testCase_37" classname="calcinterest.CalcInterestTest" time="0.0"/>
  <testcase name="testCase_38" classname="calcinterest.CalcInterestTest" time="0.002"/>
  <testcase name="testCase_39" classname="calcinterest.CalcInterestTest" time="0.0"/>
  <testcase name="testCase_40" classname="calcinterest.CalcInterestTest" time="0.0"/>
  <testcase name="testCase_41" classname="calcinterest.CalcInterestTest" time="0.0"/>
  <testcase name="testCase_42" classname="calcinterest.CalcInterestTest" time="0.0"/>
  <testcase name="testCase_43" classname="calcinterest.CalcInterestTest" time="0.0"/>
  <testcase name="testCase_44" classname="calcinterest.CalcInterestTest" time="0.0"/>
  <testcase name="testCase_45" classname="calcinterest.CalcInterestTest" time="0.0"/>
  <testcase name="testCase_46" classname="calcinterest.CalcInterestTest" time="0.0"/>
  <testcase name="testCase_47" classname="calcinterest.CalcInterestTest" time="0.0"/>
  <testcase name="testCase_48" classname="calcinterest.CalcInterestTest" time="0.002"/>
  <testcase name="testCase_49" classname="calcinterest.CalcInterestTest" time="0.0"/>
  <testcase name="testCase_50" classname="calcinterest.CalcInterestTest" time="0.0"/>
  <testcase name="testCase_51" classname="calcinterest.CalcInterestTest" time="0.0"/>
  <testcase name="testCase_52" classname="calcinterest.CalcInterestTest" time="0.0"/>
  <testcase name="testCase_53" classname="calcinterest.CalcInterestTest" time="0.0"/>
  <testcase name="testCase_54" classname="calcinterest.CalcInterestTest" time="0.0"/>
  <testcase name="testCase_55" classname="calcinterest.CalcInterestTest" time="0.0"/>
  <testcase name="testCase_56" classname="calcinterest.CalcInterestTest" time="0.0"/>
  <testcase name="testCase_57" classname="calcinterest.CalcInterestTest" time="0.002"/>
  <testcase name="testCase_58" classname="calcinterest.CalcInterestTest" time="0.001"/>
  <testcase name="testCase_59" classname="calcinterest.CalcInterestTest" time="0.0"/>
  <testcase name="testCase_60" classname="calcinterest.CalcInterestTest" time="0.0"/>
  <testcase name="testCase_61" classname="calcinterest.CalcInterestTest" time="0.0"/>
  <testcase name="testCase_62" classname="calcinterest.CalcInterestTest" time="0.0"/>
  <testcase name="testCase_63" classname="calcinterest.CalcInterestTest" time="0.0"/>
  <testcase name="testCase_64" classname="calcinterest.CalcInterestTest" time="0.001"/>
  <testcase name="testCase_65" classname="calcinterest.CalcInterestTest" time="0.0"/>
  <testcase name="testCase_66" classname="calcinterest.CalcInterestTest" time="0.0"/>
  <testcase name="testCase_67" classname="calcinterest.CalcInterestTest" time="0.0"/>
  <testcase name="testCase_68" classname="calcinterest.CalcInterestTest" time="0.0"/>
  <testcase name="testCase_69" classname="calcinterest.CalcInterestTest" time="0.0"/>
  <testcase name="testCase_70" classname="calcinterest.CalcInterestTest" time="0.005"/>
  <testcase name="testCase_71" classname="calcinterest.CalcInterestTest" time="0.0"/>
  <testcase name="testCase_72" classname="calcinterest.CalcInterestTest" time="0.0"/>
  <testcase name="testCase_73" classname="calcinterest.CalcInterestTest" time="0.0"/>
  <testcase name="testCase_74" classname="calcinterest.CalcInterestTest" time="0.0"/>
  <testcase name="testCase_75" classname="calcinterest.CalcInterestTest" time="0.0"/>
  <testcase name="testCase_76" classname="calcinterest.CalcInterestTest" time="0.0"/>
  <testcase name="testCase_1" classname="calcinterest.CalcInterestTest" time="0.0"/>
  <testcase name="testCase_2" classname="calcinterest.CalcInterestTest" time="0.0"/>
  <testcase name="testCase_3" classname="calcinterest.CalcInterestTest" time="0.0"/>
  <testcase name="testCase_4" classname="calcinterest.CalcInterestTest" time="0.002"/>
  <testcase name="testCase_5" classname="calcinterest.CalcInterestTest" time="0.0"/>
  <testcase name="testCase_6" classname="calcinterest.CalcInterestTest" time="0.0"/>
  <testcase name="testCase_7" classname="calcinterest.CalcInterestTest" time="0.0"/>
  <testcase name="testCase_8" classname="calcinterest.CalcInterestTest" time="0.001"/>
  <testcase name="testCase_9" classname="calcinterest.CalcInterestTest" time="0.0"/>
</testsuite>